<?xml version="1.0" encoding="UTF-8"?>
<!-- Generated by org.testng.reporters.JUnitReportReporter -->
<testsuite hostname="DESKTOP-EE399L2" name="td_businessbanking.USDnotforprofitTC" tests="1" failures="0" timestamp="29 Jul 2020 02:46:03 GMT" time="10.164" errors="0">
  <testcase name="USDnotforProfitNavigation" time="10.164" classname="td_businessbanking.USDnotforprofitTC"/>
</testsuite> <!-- td_businessbanking.USDnotforprofitTC -->
