<?xml version="1.0" encoding="UTF-8"?>
<!-- Generated by org.testng.reporters.JUnitReportReporter -->
<testsuite hostname="DESKTOP-EE399L2" name="td_businessbanking.USDnotforprofitTC" tests="1" failures="0" timestamp="22 Jul 2020 04:28:04 GMT" time="12.055" errors="0">
  <testcase name="USDnotforProfitNavigation" time="12.055" classname="td_businessbanking.USDnotforprofitTC"/>
</testsuite> <!-- td_businessbanking.USDnotforprofitTC -->
