<?xml version="1.0" encoding="UTF-8"?>
<!-- Generated by org.testng.reporters.JUnitReportReporter -->
<testsuite skipped="0" hostname="DESKTOP-URM046R" name="td_businessbanking.UnlimitedUSDBBTC" tests="1" failures="0" timestamp="2020-07-24T11:46:35 EDT" time="10.322" errors="0">
  <testcase name="BusinessBankingUSD" time="10.322" classname="td_businessbanking.UnlimitedUSDBBTC"/>
  <system-out/>
</testsuite> <!-- td_businessbanking.UnlimitedUSDBBTC -->
