<?xml version="1.0" encoding="UTF-8"?>
<!-- Generated by org.testng.reporters.JUnitReportReporter -->
<testsuite hostname="DESKTOP-EE399L2" name="td_businessbanking.USDnotforprofitTC2" tests="1" failures="0" timestamp="29 Jul 2020 02:46:03 GMT" time="12.476" errors="0">
  <testcase name="USDnotforProfitNavigation2" time="12.476" classname="td_businessbanking.USDnotforprofitTC2"/>
</testsuite> <!-- td_businessbanking.USDnotforprofitTC2 -->
