<?xml version="1.0" encoding="UTF-8"?>
<!-- Generated by org.testng.reporters.JUnitReportReporter -->
<testsuite hostname="DESKTOP-EE399L2" name="td_businessbanking.USDnotforprofitTC" tests="1" failures="0" timestamp="22 Jul 2020 21:41:12 GMT" time="9.765" errors="0">
  <testcase name="USDnotforProfitNavigation" time="9.765" classname="td_businessbanking.USDnotforprofitTC"/>
</testsuite> <!-- td_businessbanking.USDnotforprofitTC -->
