<?xml version="1.0" encoding="UTF-8"?>
<!-- Generated by org.testng.reporters.JUnitReportReporter -->
<testsuite hostname="DESKTOP-EE399L2" name="td_businessbanking.USDnotforprofitTC" tests="1" failures="0" timestamp="23 Jul 2020 02:34:01 GMT" time="11.666" errors="0">
  <testcase name="USDnotforProfitNavigation" time="11.666" classname="td_businessbanking.USDnotforprofitTC"/>
</testsuite> <!-- td_businessbanking.USDnotforprofitTC -->
